{"C:\\Users\\alexs\\Documents\\projetos\\estoque\\api\\src\\index.js": {"path":"C:\\Users\\alexs\\Documents\\projetos\\estoque\\api\\src\\index.js","statementMap":{"0":{"start":{"line":5,"column":12},"end":{"line":5,"column":21}},"1":{"start":{"line":6,"column":0},"end":{"line":6,"column":16}},"2":{"start":{"line":7,"column":0},"end":{"line":7,"column":24}},"3":{"start":{"line":8,"column":0},"end":{"line":8,"column":12}}},"fnMap":{},"branchMap":{},"s":{"0":1,"1":1,"2":1,"3":1},"f":{},"b":{},"_coverageSchema":"1a1c01bbd47fc00a2c39e90264f33305004495a9","hash":"2e9a53d9d16cfddc591348001c27c279767c0866"}
,"C:\\Users\\alexs\\Documents\\projetos\\estoque\\api\\src\\controllers\\user.controller.js": {"path":"C:\\Users\\alexs\\Documents\\projetos\\estoque\\api\\src\\controllers\\user.controller.js","statementMap":{"0":{"start":{"line":5,"column":22},"end":{"line":17,"column":1}},"1":{"start":{"line":6,"column":2},"end":{"line":16,"column":3}},"2":{"start":{"line":7,"column":4},"end":{"line":7,"column":44}},"3":{"start":{"line":9,"column":25},"end":{"line":9,"column":65}},"4":{"start":{"line":11,"column":4},"end":{"line":11,"column":37}},"5":{"start":{"line":12,"column":17},"end":{"line":12,"column":43}},"6":{"start":{"line":13,"column":4},"end":{"line":13,"column":38}},"7":{"start":{"line":15,"column":4},"end":{"line":15,"column":39}},"8":{"start":{"line":19,"column":19},"end":{"line":26,"column":1}},"9":{"start":{"line":20,"column":2},"end":{"line":25,"column":3}},"10":{"start":{"line":21,"column":18},"end":{"line":21,"column":37}},"11":{"start":{"line":22,"column":4},"end":{"line":22,"column":39}},"12":{"start":{"line":24,"column":4},"end":{"line":24,"column":39}},"13":{"start":{"line":28,"column":23},"end":{"line":35,"column":1}},"14":{"start":{"line":29,"column":2},"end":{"line":34,"column":3}},"15":{"start":{"line":30,"column":17},"end":{"line":30,"column":53}},"16":{"start":{"line":31,"column":4},"end":{"line":31,"column":38}},"17":{"start":{"line":33,"column":4},"end":{"line":33,"column":39}}},"fnMap":{"0":{"name":"(anonymous_0)","decl":{"start":{"line":5,"column":22},"end":{"line":5,"column":23}},"loc":{"start":{"line":5,"column":42},"end":{"line":17,"column":1}},"line":5},"1":{"name":"(anonymous_1)","decl":{"start":{"line":19,"column":19},"end":{"line":19,"column":20}},"loc":{"start":{"line":19,"column":39},"end":{"line":26,"column":1}},"line":19},"2":{"name":"(anonymous_2)","decl":{"start":{"line":28,"column":23},"end":{"line":28,"column":24}},"loc":{"start":{"line":28,"column":43},"end":{"line":35,"column":1}},"line":28}},"branchMap":{},"s":{"0":1,"1":2,"2":2,"3":1,"4":1,"5":1,"6":1,"7":1,"8":1,"9":0,"10":0,"11":0,"12":0,"13":1,"14":0,"15":0,"16":0,"17":0},"f":{"0":2,"1":0,"2":0},"b":{},"_coverageSchema":"1a1c01bbd47fc00a2c39e90264f33305004495a9","hash":"9a993485198ecf14b13b3db85b03c2dfee8bcbce"}
,"C:\\Users\\alexs\\Documents\\projetos\\estoque\\api\\src\\repositories\\user.repository.js": {"path":"C:\\Users\\alexs\\Documents\\projetos\\estoque\\api\\src\\repositories\\user.repository.js","statementMap":{"0":{"start":{"line":3,"column":26},"end":{"line":18,"column":1}},"1":{"start":{"line":4,"column":15},"end":{"line":15,"column":4}},"2":{"start":{"line":17,"column":2},"end":{"line":17,"column":14}},"3":{"start":{"line":20,"column":27},"end":{"line":33,"column":1}},"4":{"start":{"line":21,"column":16},"end":{"line":31,"column":4}},"5":{"start":{"line":32,"column":2},"end":{"line":32,"column":15}},"6":{"start":{"line":34,"column":27},"end":{"line":37,"column":1}},"7":{"start":{"line":35,"column":15},"end":{"line":35,"column":62}},"8":{"start":{"line":36,"column":2},"end":{"line":36,"column":14}}},"fnMap":{"0":{"name":"(anonymous_0)","decl":{"start":{"line":3,"column":26},"end":{"line":3,"column":27}},"loc":{"start":{"line":3,"column":42},"end":{"line":18,"column":1}},"line":3},"1":{"name":"(anonymous_1)","decl":{"start":{"line":20,"column":27},"end":{"line":20,"column":28}},"loc":{"start":{"line":20,"column":39},"end":{"line":33,"column":1}},"line":20},"2":{"name":"(anonymous_2)","decl":{"start":{"line":34,"column":27},"end":{"line":34,"column":28}},"loc":{"start":{"line":34,"column":41},"end":{"line":37,"column":1}},"line":34}},"branchMap":{},"s":{"0":1,"1":1,"2":1,"3":1,"4":0,"5":0,"6":1,"7":0,"8":0},"f":{"0":1,"1":0,"2":0},"b":{},"_coverageSchema":"1a1c01bbd47fc00a2c39e90264f33305004495a9","hash":"f0932286b86f490ccb140c999ee77e8c8a7b9857"}
,"C:\\Users\\alexs\\Documents\\projetos\\estoque\\api\\src\\routes\\index.js": {"path":"C:\\Users\\alexs\\Documents\\projetos\\estoque\\api\\src\\routes\\index.js","statementMap":{"0":{"start":{"line":3,"column":15},"end":{"line":5,"column":1}},"1":{"start":{"line":4,"column":2},"end":{"line":4,"column":18}}},"fnMap":{"0":{"name":"(anonymous_0)","decl":{"start":{"line":3,"column":15},"end":{"line":3,"column":16}},"loc":{"start":{"line":3,"column":24},"end":{"line":5,"column":1}},"line":3}},"branchMap":{},"s":{"0":1,"1":1},"f":{"0":1},"b":{},"_coverageSchema":"1a1c01bbd47fc00a2c39e90264f33305004495a9","hash":"87e5512cf2070ba72c0bf4286c87054c5dc26f79"}
,"C:\\Users\\alexs\\Documents\\projetos\\estoque\\api\\src\\routes\\user.routes.js": {"path":"C:\\Users\\alexs\\Documents\\projetos\\estoque\\api\\src\\routes\\user.routes.js","statementMap":{"0":{"start":{"line":3,"column":26},"end":{"line":7,"column":1}},"1":{"start":{"line":4,"column":2},"end":{"line":4,"column":28}},"2":{"start":{"line":5,"column":2},"end":{"line":5,"column":24}},"3":{"start":{"line":6,"column":2},"end":{"line":6,"column":32}}},"fnMap":{"0":{"name":"(anonymous_0)","decl":{"start":{"line":3,"column":26},"end":{"line":3,"column":27}},"loc":{"start":{"line":3,"column":35},"end":{"line":7,"column":1}},"line":3}},"branchMap":{},"s":{"0":1,"1":1,"2":1,"3":1},"f":{"0":1},"b":{},"_coverageSchema":"1a1c01bbd47fc00a2c39e90264f33305004495a9","hash":"8ee06530354b7fc7d58fdf933f477b81484a239d"}
,"C:\\Users\\alexs\\Documents\\projetos\\estoque\\api\\src\\services\\prisma.js": {"path":"C:\\Users\\alexs\\Documents\\projetos\\estoque\\api\\src\\services\\prisma.js","statementMap":{"0":{"start":{"line":3,"column":22},"end":{"line":3,"column":40}}},"fnMap":{},"branchMap":{},"s":{"0":1},"f":{},"b":{},"_coverageSchema":"1a1c01bbd47fc00a2c39e90264f33305004495a9","hash":"431272d2b0a20ad6c081899e2f9bc7d428af3a0c"}
,"C:\\Users\\alexs\\Documents\\projetos\\estoque\\api\\src\\validation\\user.validation.js": {"path":"C:\\Users\\alexs\\Documents\\projetos\\estoque\\api\\src\\validation\\user.validation.js","statementMap":{"0":{"start":{"line":3,"column":30},"end":{"line":8,"column":2}}},"fnMap":{},"branchMap":{},"s":{"0":1},"f":{},"b":{},"_coverageSchema":"1a1c01bbd47fc00a2c39e90264f33305004495a9","hash":"b7334f3abbb23a3b0d8a4fe89e2c50acfdbc0355"}
}
