{"C:\\Users\\alexs\\Documents\\projetos\\estoque\\product-stock\\src\\index.js": {"path":"C:\\Users\\alexs\\Documents\\projetos\\estoque\\product-stock\\src\\index.js","statementMap":{"0":{"start":{"line":5,"column":12},"end":{"line":5,"column":21}},"1":{"start":{"line":6,"column":0},"end":{"line":6,"column":16}},"2":{"start":{"line":7,"column":0},"end":{"line":7,"column":24}},"3":{"start":{"line":8,"column":0},"end":{"line":8,"column":12}}},"fnMap":{},"branchMap":{},"s":{"0":1,"1":1,"2":1,"3":1},"f":{},"b":{},"_coverageSchema":"1a1c01bbd47fc00a2c39e90264f33305004495a9","hash":"a14138bebac2cfb846bb34793346cb0fcb674b3f"}
,"C:\\Users\\alexs\\Documents\\projetos\\estoque\\product-stock\\src\\controllers\\user.controller.js": {"path":"C:\\Users\\alexs\\Documents\\projetos\\estoque\\product-stock\\src\\controllers\\user.controller.js","statementMap":{"0":{"start":{"line":9,"column":22},"end":{"line":21,"column":1}},"1":{"start":{"line":10,"column":2},"end":{"line":20,"column":3}},"2":{"start":{"line":11,"column":4},"end":{"line":11,"column":44}},"3":{"start":{"line":13,"column":25},"end":{"line":13,"column":65}},"4":{"start":{"line":15,"column":4},"end":{"line":15,"column":37}},"5":{"start":{"line":16,"column":17},"end":{"line":16,"column":43}},"6":{"start":{"line":17,"column":4},"end":{"line":17,"column":38}},"7":{"start":{"line":19,"column":4},"end":{"line":19,"column":39}},"8":{"start":{"line":23,"column":19},"end":{"line":30,"column":1}},"9":{"start":{"line":24,"column":2},"end":{"line":29,"column":3}},"10":{"start":{"line":25,"column":18},"end":{"line":25,"column":32}},"11":{"start":{"line":26,"column":4},"end":{"line":26,"column":39}},"12":{"start":{"line":28,"column":4},"end":{"line":28,"column":39}},"13":{"start":{"line":32,"column":21},"end":{"line":39,"column":1}},"14":{"start":{"line":33,"column":2},"end":{"line":38,"column":3}},"15":{"start":{"line":34,"column":17},"end":{"line":34,"column":53}},"16":{"start":{"line":35,"column":4},"end":{"line":35,"column":38}},"17":{"start":{"line":37,"column":4},"end":{"line":37,"column":39}}},"fnMap":{"0":{"name":"(anonymous_0)","decl":{"start":{"line":9,"column":22},"end":{"line":9,"column":23}},"loc":{"start":{"line":9,"column":42},"end":{"line":21,"column":1}},"line":9},"1":{"name":"(anonymous_1)","decl":{"start":{"line":23,"column":19},"end":{"line":23,"column":20}},"loc":{"start":{"line":23,"column":39},"end":{"line":30,"column":1}},"line":23},"2":{"name":"(anonymous_2)","decl":{"start":{"line":32,"column":21},"end":{"line":32,"column":22}},"loc":{"start":{"line":32,"column":41},"end":{"line":39,"column":1}},"line":32}},"branchMap":{},"s":{"0":1,"1":2,"2":2,"3":1,"4":1,"5":1,"6":1,"7":1,"8":1,"9":1,"10":1,"11":1,"12":0,"13":1,"14":1,"15":1,"16":1,"17":0},"f":{"0":2,"1":1,"2":1},"b":{},"_coverageSchema":"1a1c01bbd47fc00a2c39e90264f33305004495a9","hash":"17e8aaef8609a6b8f166b683381f7ce6faa25008"}
,"C:\\Users\\alexs\\Documents\\projetos\\estoque\\product-stock\\src\\repositories\\user.repository.js": {"path":"C:\\Users\\alexs\\Documents\\projetos\\estoque\\product-stock\\src\\repositories\\user.repository.js","statementMap":{"0":{"start":{"line":3,"column":26},"end":{"line":18,"column":1}},"1":{"start":{"line":4,"column":15},"end":{"line":15,"column":4}},"2":{"start":{"line":17,"column":2},"end":{"line":17,"column":14}},"3":{"start":{"line":20,"column":22},"end":{"line":37,"column":1}},"4":{"start":{"line":21,"column":2},"end":{"line":36,"column":3}},"5":{"start":{"line":22,"column":18},"end":{"line":32,"column":6}},"6":{"start":{"line":33,"column":4},"end":{"line":33,"column":17}},"7":{"start":{"line":35,"column":4},"end":{"line":35,"column":39}},"8":{"start":{"line":39,"column":23},"end":{"line":46,"column":1}},"9":{"start":{"line":40,"column":2},"end":{"line":45,"column":3}},"10":{"start":{"line":41,"column":17},"end":{"line":41,"column":64}},"11":{"start":{"line":42,"column":4},"end":{"line":42,"column":16}},"12":{"start":{"line":44,"column":4},"end":{"line":44,"column":39}}},"fnMap":{"0":{"name":"(anonymous_0)","decl":{"start":{"line":3,"column":26},"end":{"line":3,"column":27}},"loc":{"start":{"line":3,"column":42},"end":{"line":18,"column":1}},"line":3},"1":{"name":"(anonymous_1)","decl":{"start":{"line":20,"column":22},"end":{"line":20,"column":23}},"loc":{"start":{"line":20,"column":34},"end":{"line":37,"column":1}},"line":20},"2":{"name":"(anonymous_2)","decl":{"start":{"line":39,"column":23},"end":{"line":39,"column":24}},"loc":{"start":{"line":39,"column":37},"end":{"line":46,"column":1}},"line":39}},"branchMap":{},"s":{"0":1,"1":1,"2":1,"3":1,"4":1,"5":1,"6":1,"7":0,"8":1,"9":1,"10":1,"11":1,"12":0},"f":{"0":1,"1":1,"2":1},"b":{},"_coverageSchema":"1a1c01bbd47fc00a2c39e90264f33305004495a9","hash":"881d893dbc6eacbdd5f20e5ed71d417421c33dc9"}
,"C:\\Users\\alexs\\Documents\\projetos\\estoque\\product-stock\\src\\routes\\index.js": {"path":"C:\\Users\\alexs\\Documents\\projetos\\estoque\\product-stock\\src\\routes\\index.js","statementMap":{"0":{"start":{"line":3,"column":15},"end":{"line":5,"column":1}},"1":{"start":{"line":4,"column":2},"end":{"line":4,"column":18}}},"fnMap":{"0":{"name":"(anonymous_0)","decl":{"start":{"line":3,"column":15},"end":{"line":3,"column":16}},"loc":{"start":{"line":3,"column":24},"end":{"line":5,"column":1}},"line":3}},"branchMap":{},"s":{"0":1,"1":1},"f":{"0":1},"b":{},"_coverageSchema":"1a1c01bbd47fc00a2c39e90264f33305004495a9","hash":"84ff0c3b3936a232c011b06b661a4f81658d5f46"}
,"C:\\Users\\alexs\\Documents\\projetos\\estoque\\product-stock\\src\\routes\\user.routes.js": {"path":"C:\\Users\\alexs\\Documents\\projetos\\estoque\\product-stock\\src\\routes\\user.routes.js","statementMap":{"0":{"start":{"line":3,"column":26},"end":{"line":7,"column":1}},"1":{"start":{"line":4,"column":2},"end":{"line":4,"column":28}},"2":{"start":{"line":5,"column":2},"end":{"line":5,"column":24}},"3":{"start":{"line":6,"column":2},"end":{"line":6,"column":30}}},"fnMap":{"0":{"name":"(anonymous_0)","decl":{"start":{"line":3,"column":26},"end":{"line":3,"column":27}},"loc":{"start":{"line":3,"column":35},"end":{"line":7,"column":1}},"line":3}},"branchMap":{},"s":{"0":1,"1":1,"2":1,"3":1},"f":{"0":1},"b":{},"_coverageSchema":"1a1c01bbd47fc00a2c39e90264f33305004495a9","hash":"27b57c396f0b25a2dad9f5ac70aca5e3ef7a22cb"}
,"C:\\Users\\alexs\\Documents\\projetos\\estoque\\product-stock\\src\\services\\prisma.js": {"path":"C:\\Users\\alexs\\Documents\\projetos\\estoque\\product-stock\\src\\services\\prisma.js","statementMap":{"0":{"start":{"line":3,"column":22},"end":{"line":3,"column":40}}},"fnMap":{},"branchMap":{},"s":{"0":1},"f":{},"b":{},"_coverageSchema":"1a1c01bbd47fc00a2c39e90264f33305004495a9","hash":"d2f54d2dac7496a4d2f1b393a5ba0ee3e7f56507"}
,"C:\\Users\\alexs\\Documents\\projetos\\estoque\\product-stock\\src\\validation\\user.validation.js": {"path":"C:\\Users\\alexs\\Documents\\projetos\\estoque\\product-stock\\src\\validation\\user.validation.js","statementMap":{"0":{"start":{"line":3,"column":30},"end":{"line":8,"column":2}}},"fnMap":{},"branchMap":{},"s":{"0":1},"f":{},"b":{},"_coverageSchema":"1a1c01bbd47fc00a2c39e90264f33305004495a9","hash":"49ea98d15a2e17d7146ad83cfb777dde52f98265"}
}
