TN:
SF:src\index.js
FNF:0
FNH:0
DA:5,1
DA:6,1
DA:7,1
DA:8,1
LF:4
LH:4
BRF:0
BRH:0
end_of_record
TN:
SF:src\controllers\user.controller.js
FN:9,(anonymous_0)
FN:23,(anonymous_1)
FN:32,(anonymous_2)
FNF:3
FNH:3
FNDA:2,(anonymous_0)
FNDA:1,(anonymous_1)
FNDA:3,(anonymous_2)
DA:9,1
DA:10,2
DA:11,2
DA:13,1
DA:15,1
DA:16,1
DA:17,1
DA:19,1
DA:23,1
DA:24,1
DA:25,1
DA:26,1
DA:28,0
DA:32,1
DA:33,3
DA:34,3
DA:36,3
DA:37,0
DA:40,3
DA:42,3
DA:43,2
DA:46,1
DA:48,1
LF:23
LH:21
BRDA:36,0,0,0
BRDA:36,0,1,3
BRDA:42,1,0,2
BRDA:42,1,1,1
BRF:4
BRH:3
end_of_record
TN:
SF:src\repositories\user.repository.js
FN:3,(anonymous_0)
FN:20,(anonymous_1)
FN:39,(anonymous_2)
FNF:3
FNH:3
FNDA:1,(anonymous_0)
FNDA:2,(anonymous_1)
FNDA:3,(anonymous_2)
DA:3,1
DA:4,1
DA:17,1
DA:20,1
DA:21,2
DA:22,2
DA:33,2
DA:35,0
DA:39,1
DA:40,3
DA:41,3
DA:42,3
DA:44,0
LF:13
LH:11
BRF:0
BRH:0
end_of_record
TN:
SF:src\routes\index.js
FN:3,(anonymous_0)
FNF:1
FNH:1
FNDA:1,(anonymous_0)
DA:3,1
DA:4,1
LF:2
LH:2
BRF:0
BRH:0
end_of_record
TN:
SF:src\routes\user.routes.js
FN:3,(anonymous_0)
FNF:1
FNH:1
FNDA:1,(anonymous_0)
DA:3,1
DA:4,1
DA:5,1
DA:6,1
LF:4
LH:4
BRF:0
BRH:0
end_of_record
TN:
SF:src\services\prisma.js
FNF:0
FNH:0
DA:3,1
LF:1
LH:1
BRF:0
BRH:0
end_of_record
TN:
SF:src\validation\user.validation.js
FNF:0
FNH:0
DA:3,1
LF:1
LH:1
BRF:0
BRH:0
end_of_record
